Using pre-set license
Built from '2020.3/staging' branch; Version is '2020.3.9f1 (108be757e447) revision 1084391'; Using compiler version '192528614'; Build Type 'Release'
OS: 'Windows 10 Home Single Language; OS build 22631.5472; Version 2009; 64bit' Language: 'pt' Physical Memory: 10177 MB
BatchMode: 1, IsHumanControllingUs: 0, StartBugReporterOnCrash: 0, Is64bit: 1, IsPro: 0

 COMMAND LINE ARGUMENTS:
C:\Program Files\Unity\Hub\Editor\2020.3.9f1\Editor\Unity.exe
-adb2
-batchMode
-noUpm
-name
AssetImportWorker1
-projectPath
C:/Users/erikl/unity-sunnyland
-logFile
Logs/AssetImportWorker1.log
-srvPort
52425
Successfully changed project path to: C:/Users/erikl/unity-sunnyland
C:/Users/erikl/unity-sunnyland
Using Asset Import Pipeline V2.
Refreshing native plugins compatible for Editor in 78.78 ms, found 1 plugins.
Preloading 0 native plugins for Editor in 0.00 ms.
Initialize engine version: 2020.3.9f1 (108be757e447)
[Subsystems] Discovering subsystems at path C:/Program Files/Unity/Hub/Editor/2020.3.9f1/Editor/Data/Resources/UnitySubsystems
[Subsystems] Discovering subsystems at path C:/Users/erikl/unity-sunnyland/Assets
GfxDevice: creating device client; threaded=0
Direct3D:
    Version:  Direct3D 11.0 [level 11.1]
    Renderer: AMD Radeon (TM) 625 (ID=0x6900)
    Vendor:   
    VRAM:     2038 MB
    Driver:   27.20.11030.11001
Initialize mono
Mono path[0] = 'C:/Program Files/Unity/Hub/Editor/2020.3.9f1/Editor/Data/Managed'
Mono path[1] = 'C:/Program Files/Unity/Hub/Editor/2020.3.9f1/Editor/Data/MonoBleedingEdge/lib/mono/unityjit'
Mono config path = 'C:/Program Files/Unity/Hub/Editor/2020.3.9f1/Editor/Data/MonoBleedingEdge/etc'
Using monoOptions --debugger-agent=transport=dt_socket,embedding=1,server=y,suspend=n,address=127.0.0.1:56384
Begin MonoManager ReloadAssembly
Registering precompiled unity dll's ...
Register platform support module: C:/Program Files/Unity/Hub/Editor/2020.3.9f1/Editor/Data/PlaybackEngines/WindowsStandaloneSupport/UnityEditor.WindowsStandalone.Extensions.dll
Registered in 0.003165 seconds.
Native extension for WindowsStandalone target not found
Refreshing native plugins compatible for Editor in 67.79 ms, found 1 plugins.
Preloading 0 native plugins for Editor in 0.00 ms.
Mono: successfully reloaded assembly
- Completed reload, in  2.595 seconds
Platform modules already initialized, skipping
Registering precompiled user dll's ...
Registered in 0.001697 seconds.
Begin MonoManager ReloadAssembly
Native extension for WindowsStandalone target not found
Refreshing native plugins compatible for Editor in 70.00 ms, found 1 plugins.
Preloading 0 native plugins for Editor in 0.00 ms.
Mono: successfully reloaded assembly
- Completed reload, in  1.330 seconds
Platform modules already initialized, skipping
========================================================================
Worker process is ready to serve import requests
Launched and connected shader compiler UnityShaderCompiler.exe after 0.08 seconds
Refreshing native plugins compatible for Editor in 0.67 ms, found 1 plugins.
Preloading 0 native plugins for Editor in 0.00 ms.
Unloading 1982 Unused Serialized files (Serialized files now loaded: 0)
System memory in use before: 92.5 MB.
System memory in use after: 92.6 MB.

Unloading 19 unused Assets to reduce memory usage. Loaded Objects now: 2432.
Total: 3.600700 ms (FindLiveObjects: 0.304800 ms CreateObjectMapping: 0.090000 ms MarkObjects: 3.164700 ms  DeleteObjects: 0.039200 ms)

========================================================================
Received Import Request.
  path: Assets/Prefabs/EagleShot.prefab
  artifactKey: Guid(a508c86dff9792942bd204fcc76e741f) Importer(815301076,1909f56bfc062723c751e8b465ee728b)
Start importing Assets/Prefabs/EagleShot.prefab using Guid(a508c86dff9792942bd204fcc76e741f) Importer(815301076,1909f56bfc062723c751e8b465ee728b)  -> (artifact id: 'b384112c6ca0779a63b59ea7074adaff') in 0.153986 seconds
  Import took 0.158420 seconds .

========================================================================
Received Prepare
Registering precompiled user dll's ...
Registered in 0.002360 seconds.
Begin MonoManager ReloadAssembly
Native extension for WindowsStandalone target not found
Refreshing native plugins compatible for Editor in 0.63 ms, found 1 plugins.
Preloading 0 native plugins for Editor in 0.00 ms.
Mono: successfully reloaded assembly
- Completed reload, in  1.294 seconds
Platform modules already initialized, skipping
Refreshing native plugins compatible for Editor in 0.90 ms, found 1 plugins.
Preloading 0 native plugins for Editor in 0.00 ms.
Unloading 1958 Unused Serialized files (Serialized files now loaded: 0)
System memory in use before: 93.8 MB.
System memory in use after: 93.9 MB.

Unloading 9 unused Assets to reduce memory usage. Loaded Objects now: 2442.
Total: 2.930900 ms (FindLiveObjects: 0.278500 ms CreateObjectMapping: 0.061500 ms MarkObjects: 2.564800 ms  DeleteObjects: 0.024100 ms)

========================================================================
Received Prepare
Registering precompiled user dll's ...
Registered in 0.001868 seconds.
Begin MonoManager ReloadAssembly
Native extension for WindowsStandalone target not found
Refreshing native plugins compatible for Editor in 0.61 ms, found 1 plugins.
Preloading 0 native plugins for Editor in 0.00 ms.
Mono: successfully reloaded assembly
- Completed reload, in  1.277 seconds
Platform modules already initialized, skipping
Refreshing native plugins compatible for Editor in 0.69 ms, found 1 plugins.
Preloading 0 native plugins for Editor in 0.00 ms.
Unloading 1958 Unused Serialized files (Serialized files now loaded: 0)
System memory in use before: 93.8 MB.
System memory in use after: 94.0 MB.

Unloading 9 unused Assets to reduce memory usage. Loaded Objects now: 2445.
Total: 2.810800 ms (FindLiveObjects: 0.257800 ms CreateObjectMapping: 0.061400 ms MarkObjects: 2.466800 ms  DeleteObjects: 0.022800 ms)

========================================================================
Received Import Request.
  Time since last request: 118.627585 seconds.
  path: Assets/Prefabs/Fall.prefab
  artifactKey: Guid(36b3ad25d3932314e817382d8fe5c200) Importer(815301076,1909f56bfc062723c751e8b465ee728b)
Start importing Assets/Prefabs/Fall.prefab using Guid(36b3ad25d3932314e817382d8fe5c200) Importer(815301076,1909f56bfc062723c751e8b465ee728b)  -> (artifact id: '2b4ce6bc83861deabcb19000b6fbe81c') in 0.049181 seconds
  Import took 0.055322 seconds .

========================================================================
Received Prepare
Registering precompiled user dll's ...
Registered in 0.001387 seconds.
Begin MonoManager ReloadAssembly
Native extension for WindowsStandalone target not found
Refreshing native plugins compatible for Editor in 0.80 ms, found 1 plugins.
Preloading 0 native plugins for Editor in 0.00 ms.
Mono: successfully reloaded assembly
- Completed reload, in  1.241 seconds
Platform modules already initialized, skipping
Refreshing native plugins compatible for Editor in 0.79 ms, found 1 plugins.
Preloading 0 native plugins for Editor in 0.00 ms.
Unloading 1958 Unused Serialized files (Serialized files now loaded: 0)
System memory in use before: 93.9 MB.
System memory in use after: 94.0 MB.

Unloading 9 unused Assets to reduce memory usage. Loaded Objects now: 2448.
Total: 3.710300 ms (FindLiveObjects: 0.299500 ms CreateObjectMapping: 0.085600 ms MarkObjects: 3.295600 ms  DeleteObjects: 0.027000 ms)

========================================================================
Received Import Request.
  Time since last request: 55.951384 seconds.
  path: Assets/Scenes/Level1.unity
  artifactKey: Guid(2cda990e2423bbf4892e6590ba056729) Importer(815301076,1909f56bfc062723c751e8b465ee728b)
Start importing Assets/Scenes/Level1.unity using Guid(2cda990e2423bbf4892e6590ba056729) Importer(815301076,1909f56bfc062723c751e8b465ee728b)  -> (artifact id: '45c87a41fdd77a4a7d9f05a41542d740') in 0.025120 seconds
  Import took 0.032077 seconds .

========================================================================
Received Prepare
Registering precompiled user dll's ...
Registered in 0.001424 seconds.
Begin MonoManager ReloadAssembly
Native extension for WindowsStandalone target not found
Refreshing native plugins compatible for Editor in 0.90 ms, found 1 plugins.
Preloading 0 native plugins for Editor in 0.00 ms.
Mono: successfully reloaded assembly
- Completed reload, in  1.297 seconds
Platform modules already initialized, skipping
Refreshing native plugins compatible for Editor in 0.76 ms, found 1 plugins.
Preloading 0 native plugins for Editor in 0.00 ms.
Unloading 1958 Unused Serialized files (Serialized files now loaded: 0)
System memory in use before: 93.9 MB.
System memory in use after: 94.0 MB.

Unloading 9 unused Assets to reduce memory usage. Loaded Objects now: 2451.
Total: 3.649300 ms (FindLiveObjects: 0.311300 ms CreateObjectMapping: 0.088300 ms MarkObjects: 3.219700 ms  DeleteObjects: 0.027500 ms)

========================================================================
Received Prepare
Registering precompiled user dll's ...
Registered in 0.002298 seconds.
Begin MonoManager ReloadAssembly
Native extension for WindowsStandalone target not found
Refreshing native plugins compatible for Editor in 0.75 ms, found 1 plugins.
Preloading 0 native plugins for Editor in 0.00 ms.
Mono: successfully reloaded assembly
- Completed reload, in  1.418 seconds
Platform modules already initialized, skipping
Refreshing native plugins compatible for Editor in 0.91 ms, found 1 plugins.
Preloading 0 native plugins for Editor in 0.00 ms.
Unloading 1958 Unused Serialized files (Serialized files now loaded: 0)
System memory in use before: 93.9 MB.
System memory in use after: 94.0 MB.

Unloading 9 unused Assets to reduce memory usage. Loaded Objects now: 2454.
Total: 3.012600 ms (FindLiveObjects: 0.271500 ms CreateObjectMapping: 0.068900 ms MarkObjects: 2.645600 ms  DeleteObjects: 0.024500 ms)

========================================================================
Received Import Request.
  Time since last request: 113.181291 seconds.
  path: Assets/Prefabs/GameManager.prefab
  artifactKey: Guid(2d5135ad1e137c44bbacefa67bc15058) Importer(815301076,1909f56bfc062723c751e8b465ee728b)
Start importing Assets/Prefabs/GameManager.prefab using Guid(2d5135ad1e137c44bbacefa67bc15058) Importer(815301076,1909f56bfc062723c751e8b465ee728b)  -> (artifact id: 'cec8a792dd3f6f7948820bab635c6609') in 0.056963 seconds
  Import took 0.061748 seconds .

========================================================================
Received Import Request.
  Time since last request: 0.295938 seconds.
  path: Assets/Prefabs/_GameManager.prefab
  artifactKey: Guid(0ffedebf2b7aba94bbd73150e09861dc) Importer(815301076,1909f56bfc062723c751e8b465ee728b)
Start importing Assets/Prefabs/_GameManager.prefab using Guid(0ffedebf2b7aba94bbd73150e09861dc) Importer(815301076,1909f56bfc062723c751e8b465ee728b)  -> (artifact id: 'db65f015a3f124230ef10023723d620b') in 0.021941 seconds
  Import took 0.026589 seconds .

========================================================================
Received Import Request.
  Time since last request: 0.002061 seconds.
  path: Assets/Prefabs/_GameManager.prefab
  artifactKey: Guid(0ffedebf2b7aba94bbd73150e09861dc) Importer(815301076,1909f56bfc062723c751e8b465ee728b)
Start importing Assets/Prefabs/_GameManager.prefab using Guid(0ffedebf2b7aba94bbd73150e09861dc) Importer(815301076,1909f56bfc062723c751e8b465ee728b)  -> (artifact id: 'db65f015a3f124230ef10023723d620b') in 0.006725 seconds
  Import took 0.011553 seconds .

========================================================================
Received Import Request.
  Time since last request: 7.008119 seconds.
  path: Assets/Scenes/Level2.unity
  artifactKey: Guid(ebe71bd11beae7141bc0c3f32c62e581) Importer(815301076,1909f56bfc062723c751e8b465ee728b)
Start importing Assets/Scenes/Level2.unity using Guid(ebe71bd11beae7141bc0c3f32c62e581) Importer(815301076,1909f56bfc062723c751e8b465ee728b)  -> (artifact id: '3ba52fa50df96315ff9198e58e3f0496') in 0.005611 seconds
  Import took 0.011146 seconds .

========================================================================
Received Prepare
Registering precompiled user dll's ...
Registered in 0.001913 seconds.
Begin MonoManager ReloadAssembly
Native extension for WindowsStandalone target not found
Refreshing native plugins compatible for Editor in 1.23 ms, found 1 plugins.
Preloading 0 native plugins for Editor in 0.00 ms.
Mono: successfully reloaded assembly
- Completed reload, in  1.484 seconds
Platform modules already initialized, skipping
Refreshing native plugins compatible for Editor in 1.01 ms, found 1 plugins.
Preloading 0 native plugins for Editor in 0.00 ms.
Unloading 1958 Unused Serialized files (Serialized files now loaded: 0)
System memory in use before: 93.9 MB.
System memory in use after: 94.0 MB.

Unloading 9 unused Assets to reduce memory usage. Loaded Objects now: 2457.
Total: 3.726700 ms (FindLiveObjects: 0.605500 ms CreateObjectMapping: 0.315000 ms MarkObjects: 2.777200 ms  DeleteObjects: 0.026400 ms)

========================================================================
Received Prepare
Registering precompiled user dll's ...
Registered in 0.001666 seconds.
Begin MonoManager ReloadAssembly
Native extension for WindowsStandalone target not found
Refreshing native plugins compatible for Editor in 0.62 ms, found 1 plugins.
Preloading 0 native plugins for Editor in 0.00 ms.
Mono: successfully reloaded assembly
- Completed reload, in  1.401 seconds
Platform modules already initialized, skipping
Refreshing native plugins compatible for Editor in 0.70 ms, found 1 plugins.
Preloading 0 native plugins for Editor in 0.00 ms.
Unloading 1958 Unused Serialized files (Serialized files now loaded: 0)
System memory in use before: 93.9 MB.
System memory in use after: 94.0 MB.

Unloading 9 unused Assets to reduce memory usage. Loaded Objects now: 2460.
Total: 2.864000 ms (FindLiveObjects: 0.262200 ms CreateObjectMapping: 0.062700 ms MarkObjects: 2.514500 ms  DeleteObjects: 0.022100 ms)

========================================================================
Received Import Request.
  Time since last request: 162.556637 seconds.
  path: Assets/Scenes/Level1.unity
  artifactKey: Guid(2cda990e2423bbf4892e6590ba056729) Importer(815301076,1909f56bfc062723c751e8b465ee728b)
Start importing Assets/Scenes/Level1.unity using Guid(2cda990e2423bbf4892e6590ba056729) Importer(815301076,1909f56bfc062723c751e8b465ee728b)  -> (artifact id: '50953bbb524b28fbee6db17a21e6177e') in 0.014328 seconds
  Import took 0.018700 seconds .

========================================================================
Received Prepare
Registering precompiled user dll's ...
Registered in 0.003546 seconds.
Begin MonoManager ReloadAssembly
Native extension for WindowsStandalone target not found
Refreshing native plugins compatible for Editor in 1.14 ms, found 1 plugins.
Preloading 0 native plugins for Editor in 0.00 ms.
Mono: successfully reloaded assembly
- Completed reload, in  1.852 seconds
Platform modules already initialized, skipping
Refreshing native plugins compatible for Editor in 1.24 ms, found 1 plugins.
Preloading 0 native plugins for Editor in 0.00 ms.
Unloading 1958 Unused Serialized files (Serialized files now loaded: 0)
System memory in use before: 93.9 MB.
System memory in use after: 94.1 MB.

Unloading 9 unused Assets to reduce memory usage. Loaded Objects now: 2463.
Total: 4.151600 ms (FindLiveObjects: 0.612900 ms CreateObjectMapping: 0.207700 ms MarkObjects: 3.299900 ms  DeleteObjects: 0.027600 ms)

AssetImportWorkerClient::OnTransportError - code=2 error=End of file
